[0213/133908.237:ERROR:process_reader_win.cc(242)] ReadMemory at 0x1220000 of 64 bytes failed: Only part of a ReadProcessMemory or WriteProcessMemory request was completed. (0x12B)
[0213/133908.268:WARNING:pe_image_reader.cc(302)] could not read dos header from C:\Program Files (x86)\Google\Chrome\Application\chrome.exe
[0213/133908.269:ERROR:process_reader_win.cc(242)] ReadMemory at 0x77ca0000 of 64 bytes failed: Only part of a ReadProcessMemory or WriteProcessMemory request was completed. (0x12B)
[0213/133908.269:WARNING:pe_image_reader.cc(302)] could not read dos header from C:\WINDOWS\SYSTEM32\ntdll.dll
[0213/133908.269:ERROR:process_reader_win.cc(242)] ReadMemory at 0x77350000 of 64 bytes failed: Only part of a ReadProcessMemory or WriteProcessMemory request was completed. (0x12B)
[0213/133908.357:WARNING:pe_image_reader.cc(302)] could not read dos header from C:\WINDOWS\System32\KERNEL32.DLL
[0213/133908.358:ERROR:process_reader_win.cc(242)] ReadMemory at 0x76110000 of 64 bytes failed: Only part of a ReadProcessMemory or WriteProcessMemory request was completed. (0x12B)
[0213/133908.358:WARNING:pe_image_reader.cc(302)] could not read dos header from C:\WINDOWS\System32\KERNELBASE.dll
[0213/133908.358:ERROR:process_reader_win.cc(242)] ReadMemory at 0x6fa10000 of 64 bytes failed: Only part of a ReadProcessMemory or WriteProcessMemory request was completed. (0x12B)
[0213/133908.359:WARNING:pe_image_reader.cc(302)] could not read dos header from C:\WINDOWS\SYSTEM32\apphelp.dll
[0213/133908.359:ERROR:process_reader_win.cc(242)] ReadMemory at 0x76690000 of 64 bytes failed: Only part of a ReadProcessMemory or WriteProcessMemory request was completed. (0x12B)
[0213/133908.359:WARNING:pe_image_reader.cc(302)] could not read dos header from C:\WINDOWS\System32\SHELL32.dll
[0213/133908.360:ERROR:process_reader_win.cc(242)] ReadMemory at 0x76310000 of 64 bytes failed: Only part of a ReadProcessMemory or WriteProcessMemory request was completed. (0x12B)
[0213/133908.360:WARNING:pe_image_reader.cc(302)] could not read dos header from C:\WINDOWS\System32\msvcrt.dll
[0213/133908.360:ERROR:process_reader_win.cc(242)] ReadMemory at 0x760a0000 of 64 bytes failed: Only part of a ReadProcessMemory or WriteProcessMemory request was completed. (0x12B)
[0213/133908.361:WARNING:pe_image_reader.cc(302)] could not read dos header from C:\WINDOWS\System32\cfgmgr32.dll
[0213/133908.361:ERROR:process_reader_win.cc(242)] ReadMemory at 0x75950000 of 64 bytes failed: Only part of a ReadProcessMemory or WriteProcessMemory request was completed. (0x12B)
[0213/133908.361:WARNING:pe_image_reader.cc(302)] could not read dos header from C:\WINDOWS\System32\ucrtbase.dll
[0213/133908.361:ERROR:process_reader_win.cc(242)] ReadMemory at 0x77060000 of 64 bytes failed: Only part of a ReadProcessMemory or WriteProcessMemory request was completed. (0x12B)
[0213/133908.362:WARNING:pe_image_reader.cc(302)] could not read dos header from C:\WINDOWS\System32\shcore.dll
[0213/133908.362:ERROR:process_reader_win.cc(242)] ReadMemory at 0x770f0000 of 64 bytes failed: Only part of a ReadProcessMemory or WriteProcessMemory request was completed. (0x12B)
[0213/133908.363:WARNING:pe_image_reader.cc(302)] could not read dos header from C:\WINDOWS\System32\RPCRT4.dll
[0213/133908.363:ERROR:process_reader_win.cc(242)] ReadMemory at 0x75310000 of 64 bytes failed: Only part of a ReadProcessMemory or WriteProcessMemory request was completed. (0x12B)
[0213/133908.363:WARNING:pe_image_reader.cc(302)] could not read dos header from C:\WINDOWS\System32\SspiCli.dll
[0213/133908.364:ERROR:process_reader_win.cc(242)] ReadMemory at 0x75300000 of 64 bytes failed: Only part of a ReadProcessMemory or WriteProcessMemory request was completed. (0x12B)
[0213/133908.364:WARNING:pe_image_reader.cc(302)] could not read dos header from C:\WINDOWS\System32\CRYPTBASE.dll
[0213/133908.364:ERROR:process_reader_win.cc(242)] ReadMemory at 0x77bb0000 of 64 bytes failed: Only part of a ReadProcessMemory or WriteProcessMemory request was completed. (0x12B)
[0213/133908.364:WARNING:pe_image_reader.cc(302)] could not read dos header from C:\WINDOWS\System32\bcryptPrimitives.dll
[0213/133908.365:ERROR:process_reader_win.cc(242)] ReadMemory at 0x75b00000 of 64 bytes failed: Only part of a ReadProcessMemory or WriteProcessMemory request was completed. (0x12B)
[0213/133908.366:WARNING:pe_image_reader.cc(302)] could not read dos header from C:\WINDOWS\System32\sechost.dll
[0213/133908.366:ERROR:process_reader_win.cc(242)] ReadMemory at 0x76410000 of 64 bytes failed: Only part of a ReadProcessMemory or WriteProcessMemory request was completed. (0x12B)
[0213/133908.366:WARNING:pe_image_reader.cc(302)] could not read dos header from C:\WINDOWS\System32\combase.dll
[0213/133908.366:ERROR:process_reader_win.cc(242)] ReadMemory at 0x75330000 of 64 bytes failed: Only part of a ReadProcessMemory or WriteProcessMemory request was completed. (0x12B)
[0213/133908.367:WARNING:pe_image_reader.cc(302)] could not read dos header from C:\WINDOWS\System32\windows.storage.dll
[0213/133908.367:ERROR:process_reader_win.cc(242)] ReadMemory at 0x76e40000 of 64 bytes failed: Only part of a ReadProcessMemory or WriteProcessMemory request was completed. (0x12B)
[0213/133908.367:WARNING:pe_image_reader.cc(302)] could not read dos header from C:\WINDOWS\System32\msvcp_win.dll
[0213/133908.368:ERROR:process_reader_win.cc(242)] ReadMemory at 0x76c50000 of 64 bytes failed: Only part of a ReadProcessMemory or WriteProcessMemory request was completed. (0x12B)
[0213/133908.368:WARNING:pe_image_reader.cc(302)] could not read dos header from C:\WINDOWS\System32\advapi32.dll
[0213/133908.368:ERROR:process_reader_win.cc(242)] ReadMemory at 0x75fc0000 of 64 bytes failed: Only part of a ReadProcessMemory or WriteProcessMemory request was completed. (0x12B)
[0213/133908.369:WARNING:pe_image_reader.cc(302)] could not read dos header from C:\WINDOWS\System32\profapi.dll
[0213/133908.369:ERROR:process_reader_win.cc(242)] ReadMemory at 0x75ff0000 of 64 bytes failed: Only part of a ReadProcessMemory or WriteProcessMemory request was completed. (0x12B)
[0213/133908.369:WARNING:pe_image_reader.cc(302)] could not read dos header from C:\WINDOWS\System32\powrprof.dll
[0213/133908.370:ERROR:process_reader_win.cc(242)] ReadMemory at 0x76050000 of 64 bytes failed: Only part of a ReadProcessMemory or WriteProcessMemory request was completed. (0x12B)
[0213/133908.370:WARNING:pe_image_reader.cc(302)] could not read dos header from C:\WINDOWS\System32\shlwapi.dll
[0213/133908.370:ERROR:process_reader_win.cc(242)] ReadMemory at 0x760e0000 of 64 bytes failed: Only part of a ReadProcessMemory or WriteProcessMemory request was completed. (0x12B)
[0213/133908.371:WARNING:pe_image_reader.cc(302)] could not read dos header from C:\WINDOWS\System32\GDI32.dll
[0213/133908.371:ERROR:process_reader_win.cc(242)] ReadMemory at 0x779c0000 of 64 bytes failed: Only part of a ReadProcessMemory or WriteProcessMemory request was completed. (0x12B)
[0213/133908.371:WARNING:pe_image_reader.cc(302)] could not read dos header from C:\WINDOWS\System32\gdi32full.dll
[0213/133908.372:ERROR:process_reader_win.cc(242)] ReadMemory at 0x771b0000 of 64 bytes failed: Only part of a ReadProcessMemory or WriteProcessMemory request was completed. (0x12B)
[0213/133908.372:WARNING:pe_image_reader.cc(302)] could not read dos header from C:\WINDOWS\System32\USER32.dll
[0213/133908.372:ERROR:process_reader_win.cc(242)] ReadMemory at 0x763d0000 of 64 bytes failed: Only part of a ReadProcessMemory or WriteProcessMemory request was completed. (0x12B)
[0213/133908.373:WARNING:pe_image_reader.cc(302)] could not read dos header from C:\WINDOWS\System32\win32u.dll
[0213/133908.373:ERROR:process_reader_win.cc(242)] ReadMemory at 0x77c80000 of 64 bytes failed: Only part of a ReadProcessMemory or WriteProcessMemory request was completed. (0x12B)
[0213/133908.373:WARNING:pe_image_reader.cc(302)] could not read dos header from C:\WINDOWS\System32\kernel.appcore.dll
[0213/133908.373:ERROR:process_reader_win.cc(242)] ReadMemory at 0x75930000 of 64 bytes failed: Only part of a ReadProcessMemory or WriteProcessMemory request was completed. (0x12B)
[0213/133908.374:WARNING:pe_image_reader.cc(302)] could not read dos header from C:\WINDOWS\System32\cryptsp.dll
[0213/133908.375:ERROR:process_reader_win.cc(242)] ReadMemory at 0x76be0000 of 64 bytes failed: Only part of a ReadProcessMemory or WriteProcessMemory request was completed. (0x12B)
[0213/133908.375:WARNING:pe_image_reader.cc(302)] could not read dos header from C:\WINDOWS\System32\PSAPI.DLL
[0213/133908.375:ERROR:process_reader_win.cc(242)] ReadMemory at 0x5e310000 of 64 bytes failed: Only part of a ReadProcessMemory or WriteProcessMemory request was completed. (0x12B)
[0213/133908.376:WARNING:pe_image_reader.cc(302)] could not read dos header from C:\Program Files (x86)\Google\Chrome\Application\71.0.3578.98\chrome_elf.dll
[0213/133908.376:ERROR:process_reader_win.cc(242)] ReadMemory at 0x741e0000 of 64 bytes failed: Only part of a ReadProcessMemory or WriteProcessMemory request was completed. (0x12B)
[0213/133908.376:WARNING:pe_image_reader.cc(302)] could not read dos header from C:\WINDOWS\SYSTEM32\VERSION.dll
[0213/133908.377:ERROR:process_reader_win.cc(242)] ReadMemory at 0x72200000 of 64 bytes failed: Only part of a ReadProcessMemory or WriteProcessMemory request was completed. (0x12B)
[0213/133908.377:WARNING:pe_image_reader.cc(302)] could not read dos header from C:\WINDOWS\SYSTEM32\WINMM.dll
[0213/133908.377:ERROR:process_reader_win.cc(242)] ReadMemory at 0x736c0000 of 64 bytes failed: Only part of a ReadProcessMemory or WriteProcessMemory request was completed. (0x12B)
[0213/133908.378:WARNING:pe_image_reader.cc(302)] could not read dos header from C:\WINDOWS\SYSTEM32\USERENV.dll
[0213/133908.378:ERROR:process_reader_win.cc(242)] ReadMemory at 0x721a0000 of 64 bytes failed: Only part of a ReadProcessMemory or WriteProcessMemory request was completed. (0x12B)
[0213/133908.378:WARNING:pe_image_reader.cc(302)] could not read dos header from C:\WINDOWS\SYSTEM32\WINMMBASE.dll
[0213/133908.379:ERROR:process_reader_win.cc(242)] ReadMemory at 0x77b30000 of 64 bytes failed: Only part of a ReadProcessMemory or WriteProcessMemory request was completed. (0x12B)
[0213/133908.380:WARNING:pe_image_reader.cc(302)] could not read dos header from C:\WINDOWS\System32\IMM32.DLL
[0213/133908.380:ERROR:process_reader_win.cc(242)] ReadMemory at 0x56050000 of 64 bytes failed: Only part of a ReadProcessMemory or WriteProcessMemory request was completed. (0x12B)
[0213/133908.381:WARNING:pe_image_reader.cc(302)] could not read dos header from C:\Program Files (x86)\Google\Chrome\Application\71.0.3578.98\chrome_child.dll
[0213/133908.381:ERROR:process_reader_win.cc(242)] ReadMemory at 0x77000000 of 64 bytes failed: Only part of a ReadProcessMemory or WriteProcessMemory request was completed. (0x12B)
[0213/133908.381:WARNING:pe_image_reader.cc(302)] could not read dos header from C:\WINDOWS\System32\WS2_32.dll
[0213/133908.381:ERROR:process_reader_win.cc(242)] ReadMemory at 0x75b80000 of 64 bytes failed: Only part of a ReadProcessMemory or WriteProcessMemory request was completed. (0x12B)
[0213/133908.382:WARNING:pe_image_reader.cc(302)] could not read dos header from C:\WINDOWS\System32\ole32.dll
[0213/133908.382:ERROR:process_reader_win.cc(242)] ReadMemory at 0x75e20000 of 64 bytes failed: Only part of a ReadProcessMemory or WriteProcessMemory request was completed. (0x12B)
[0213/133908.382:WARNING:pe_image_reader.cc(302)] could not read dos header from C:\WINDOWS\System32\OLEAUT32.dll
[0213/133908.383:ERROR:process_reader_win.cc(242)] ReadMemory at 0x77b60000 of 64 bytes failed: Only part of a ReadProcessMemory or WriteProcessMemory request was completed. (0x12B)
[0213/133908.383:WARNING:pe_image_reader.cc(302)] could not read dos header from C:\WINDOWS\System32\WINTRUST.dll
[0213/133908.383:ERROR:process_reader_win.cc(242)] ReadMemory at 0x77920000 of 64 bytes failed: Only part of a ReadProcessMemory or WriteProcessMemory request was completed. (0x12B)
[0213/133908.384:WARNING:pe_image_reader.cc(302)] could not read dos header from C:\WINDOWS\System32\MSASN1.dll
[0213/133908.384:ERROR:process_reader_win.cc(242)] ReadMemory at 0x75c80000 of 64 bytes failed: Only part of a ReadProcessMemory or WriteProcessMemory request was completed. (0x12B)
[0213/133908.386:WARNING:pe_image_reader.cc(302)] could not read dos header from C:\WINDOWS\System32\CRYPT32.dll
[0213/133908.386:ERROR:process_reader_win.cc(242)] ReadMemory at 0x75ec0000 of 64 bytes failed: Only part of a ReadProcessMemory or WriteProcessMemory request was completed. (0x12B)
[0213/133908.397:WARNING:pe_image_reader.cc(302)] could not read dos header from C:\WINDOWS\System32\COMDLG32.dll
[0213/133908.397:ERROR:process_reader_win.cc(242)] ReadMemory at 0x75260000 of 64 bytes failed: Only part of a ReadProcessMemory or WriteProcessMemory request was completed. (0x12B)
[0213/133908.398:WARNING:pe_image_reader.cc(302)] could not read dos header from C:\WINDOWS\SYSTEM32\IPHLPAPI.DLL
[0213/133908.398:ERROR:process_reader_win.cc(242)] ReadMemory at 0x64d50000 of 64 bytes failed: Only part of a ReadProcessMemory or WriteProcessMemory request was completed. (0x12B)
[0213/133908.398:WARNING:pe_image_reader.cc(302)] could not read dos header from C:\WINDOWS\SYSTEM32\OLEACC.dll
[0213/133908.404:ERROR:process_reader_win.cc(242)] ReadMemory at 0x726d0000 of 64 bytes failed: Only part of a ReadProcessMemory or WriteProcessMemory request was completed. (0x12B)
[0213/133908.404:WARNING:pe_image_reader.cc(302)] could not read dos header from C:\WINDOWS\WinSxS\x86_microsoft.windows.common-controls_6595b64144ccf1df_6.0.17763.253_none_4d5f6f651b9e27d4\COMCTL32.dll
[0213/133908.404:ERROR:process_reader_win.cc(242)] ReadMemory at 0x67c80000 of 64 bytes failed: Only part of a ReadProcessMemory or WriteProcessMemory request was completed. (0x12B)
[0213/133908.404:WARNING:pe_image_reader.cc(302)] could not read dos header from C:\WINDOWS\SYSTEM32\DWrite.dll
[0213/133908.404:ERROR:process_reader_win.cc(242)] ReadMemory at 0x66000000 of 64 bytes failed: Only part of a ReadProcessMemory or WriteProcessMemory request was completed. (0x12B)
[0213/133908.404:WARNING:pe_image_reader.cc(302)] could not read dos header from C:\WINDOWS\SYSTEM32\dxgi.dll
[0213/133908.404:ERROR:process_reader_win.cc(242)] ReadMemory at 0x73180000 of 64 bytes failed: Only part of a ReadProcessMemory or WriteProcessMemory request was completed. (0x12B)
[0213/133908.405:WARNING:pe_image_reader.cc(302)] could not read dos header from C:\WINDOWS\SYSTEM32\WINSPOOL.DRV
[0213/133908.405:ERROR:process_reader_win.cc(242)] ReadMemory at 0x763f0000 of 64 bytes failed: Only part of a ReadProcessMemory or WriteProcessMemory request was completed. (0x12B)
[0213/133908.405:WARNING:pe_image_reader.cc(302)] could not read dos header from C:\WINDOWS\System32\bcrypt.dll
[0213/133908.405:ERROR:process_reader_win.cc(242)] ReadMemory at 0x71fb0000 of 64 bytes failed: Only part of a ReadProcessMemory or WriteProcessMemory request was completed. (0x12B)
[0213/133908.405:WARNING:pe_image_reader.cc(302)] could not read dos header from C:\WINDOWS\SYSTEM32\dbghelp.dll
[0213/133908.405:ERROR:process_reader_win.cc(242)] ReadMemory at 0x70120000 of 64 bytes failed: Only part of a ReadProcessMemory or WriteProcessMemory request was completed. (0x12B)
[0213/133908.405:WARNING:pe_image_reader.cc(302)] could not read dos header from C:\WINDOWS\SYSTEM32\USP10.dll
[0213/133908.406:ERROR:process_reader_win.cc(242)] ReadMemory at 0x724a0000 of 64 bytes failed: Only part of a ReadProcessMemory or WriteProcessMemory request was completed. (0x12B)
[0213/133908.406:WARNING:pe_image_reader.cc(302)] could not read dos header from C:\WINDOWS\SYSTEM32\WINHTTP.dll
[0213/133908.406:ERROR:process_reader_win.cc(242)] ReadMemory at 0x729c0000 of 64 bytes failed: Only part of a ReadProcessMemory or WriteProcessMemory request was completed. (0x12B)
[0213/133908.406:WARNING:pe_image_reader.cc(302)] could not read dos header from C:\WINDOWS\SYSTEM32\urlmon.dll
[0213/133908.406:ERROR:process_reader_win.cc(242)] ReadMemory at 0x74940000 of 64 bytes failed: Only part of a ReadProcessMemory or WriteProcessMemory request was completed. (0x12B)
[0213/133908.406:WARNING:pe_image_reader.cc(302)] could not read dos header from C:\WINDOWS\SYSTEM32\Secur32.dll
[0213/133908.407:ERROR:process_reader_win.cc(242)] ReadMemory at 0x74a70000 of 64 bytes failed: Only part of a ReadProcessMemory or WriteProcessMemory request was completed. (0x12B)
[0213/133908.407:WARNING:pe_image_reader.cc(302)] could not read dos header from C:\WINDOWS\SYSTEM32\dhcpcsvc.DLL
[0213/133908.407:ERROR:process_reader_win.cc(242)] ReadMemory at 0x77910000 of 64 bytes failed: Only part of a ReadProcessMemory or WriteProcessMemory request was completed. (0x12B)
[0213/133908.407:WARNING:pe_image_reader.cc(302)] could not read dos header from C:\WINDOWS\System32\NSI.dll
[0213/133908.407:ERROR:process_reader_win.cc(242)] ReadMemory at 0x74a90000 of 64 bytes failed: Only part of a ReadProcessMemory or WriteProcessMemory request was completed. (0x12B)
[0213/133908.426:WARNING:pe_image_reader.cc(302)] could not read dos header from C:\WINDOWS\SYSTEM32\PROPSYS.dll
[0213/133908.426:ERROR:process_reader_win.cc(242)] ReadMemory at 0x70750000 of 64 bytes failed: Only part of a ReadProcessMemory or WriteProcessMemory request was completed. (0x12B)
[0213/133908.427:WARNING:pe_image_reader.cc(302)] could not read dos header from C:\WINDOWS\SYSTEM32\iertutil.dll
[0213/133908.878:ERROR:process_reader_win.cc(242)] ReadMemory at 0xef5000 of 45056 bytes failed: Only part of a ReadProcessMemory or WriteProcessMemory request was completed. (0x12B)
[0213/133908.878:ERROR:process_reader_win.cc(242)] ReadMemory at 0x120f000 of 4096 bytes failed: Only part of a ReadProcessMemory or WriteProcessMemory request was completed. (0x12B)
[0213/133908.878:ERROR:process_reader_win.cc(242)] ReadMemory at 0x6fbe000 of 8192 bytes failed: Only part of a ReadProcessMemory or WriteProcessMemory request was completed. (0x12B)
[0213/133908.879:ERROR:process_reader_win.cc(242)] ReadMemory at 0x70bf000 of 4096 bytes failed: Only part of a ReadProcessMemory or WriteProcessMemory request was completed. (0x12B)
[0213/133908.879:ERROR:process_reader_win.cc(242)] ReadMemory at 0x71bf000 of 4096 bytes failed: Only part of a ReadProcessMemory or WriteProcessMemory request was completed. (0x12B)
[0213/133908.879:ERROR:process_reader_win.cc(242)] ReadMemory at 0x72be000 of 8192 bytes failed: Only part of a ReadProcessMemory or WriteProcessMemory request was completed. (0x12B)
[0213/133909.005:ERROR:process_reader_win.cc(242)] ReadMemory at 0x73fe000 of 8192 bytes failed: Only part of a ReadProcessMemory or WriteProcessMemory request was completed. (0x12B)
[0213/133909.006:ERROR:process_reader_win.cc(242)] ReadMemory at 0x753f000 of 4096 bytes failed: Only part of a ReadProcessMemory or WriteProcessMemory request was completed. (0x12B)
[0213/133909.006:ERROR:process_reader_win.cc(242)] ReadMemory at 0x767e000 of 8192 bytes failed: Only part of a ReadProcessMemory or WriteProcessMemory request was completed. (0x12B)
[0213/133909.006:ERROR:process_reader_win.cc(242)] ReadMemory at 0x77be000 of 8192 bytes failed: Only part of a ReadProcessMemory or WriteProcessMemory request was completed. (0x12B)
[0213/133909.006:ERROR:process_reader_win.cc(242)] ReadMemory at 0x7afe000 of 8192 bytes failed: Only part of a ReadProcessMemory or WriteProcessMemory request was completed. (0x12B)
[0213/133909.006:ERROR:process_reader_win.cc(242)] ReadMemory at 0x7c3e000 of 8192 bytes failed: Only part of a ReadProcessMemory or WriteProcessMemory request was completed. (0x12B)
[0213/133909.006:ERROR:process_reader_win.cc(242)] ReadMemory at 0x817f000 of 4096 bytes failed: Only part of a ReadProcessMemory or WriteProcessMemory request was completed. (0x12B)
[0213/133909.007:ERROR:process_reader_win.cc(242)] ReadMemory at 0x853f000 of 4096 bytes failed: Only part of a ReadProcessMemory or WriteProcessMemory request was completed. (0x12B)
[0213/133909.007:ERROR:process_reader_win.cc(242)] ReadMemory at 0x2867f8 of 512 bytes failed: Only part of a ReadProcessMemory or WriteProcessMemory request was completed. (0x12B)
[0213/133909.007:ERROR:process_reader_win.cc(242)] ReadMemory at 0x2cdf28 of 600 bytes failed: Only part of a ReadProcessMemory or WriteProcessMemory request was completed. (0x12B)
[0213/133909.007:ERROR:process_reader_win.cc(242)] ReadMemory at 0xd6e000 of 560 bytes failed: Only part of a ReadProcessMemory or WriteProcessMemory request was completed. (0x12B)
[0213/133909.007:ERROR:process_reader_win.cc(242)] ReadMemory at 0xd71000 of 3992 bytes failed: Only part of a ReadProcessMemory or WriteProcessMemory request was completed. (0x12B)
[0213/133909.008:ERROR:process_reader_win.cc(242)] ReadMemory at 0xd74000 of 3992 bytes failed: Only part of a ReadProcessMemory or WriteProcessMemory request was completed. (0x12B)
[0213/133909.008:ERROR:process_reader_win.cc(242)] ReadMemory at 0xd77000 of 3992 bytes failed: Only part of a ReadProcessMemory or WriteProcessMemory request was completed. (0x12B)
[0213/133909.008:ERROR:process_reader_win.cc(242)] ReadMemory at 0xd7a000 of 3992 bytes failed: Only part of a ReadProcessMemory or WriteProcessMemory request was completed. (0x12B)
[0213/133909.008:ERROR:process_reader_win.cc(242)] ReadMemory at 0xd7d000 of 3992 bytes failed: Only part of a ReadProcessMemory or WriteProcessMemory request was completed. (0x12B)
[0213/133909.008:ERROR:process_reader_win.cc(242)] ReadMemory at 0xd80000 of 3992 bytes failed: Only part of a ReadProcessMemory or WriteProcessMemory request was completed. (0x12B)
[0213/133909.009:ERROR:process_reader_win.cc(242)] ReadMemory at 0xd83000 of 3992 bytes failed: Only part of a ReadProcessMemory or WriteProcessMemory request was completed. (0x12B)
[0213/133909.009:ERROR:process_reader_win.cc(242)] ReadMemory at 0xd86000 of 3992 bytes failed: Only part of a ReadProcessMemory or WriteProcessMemory request was completed. (0x12B)
[0213/133909.009:ERROR:process_reader_win.cc(242)] ReadMemory at 0xd89000 of 3992 bytes failed: Only part of a ReadProcessMemory or WriteProcessMemory request was completed. (0x12B)
[0213/133909.009:ERROR:process_reader_win.cc(242)] ReadMemory at 0xd8c000 of 3992 bytes failed: Only part of a ReadProcessMemory or WriteProcessMemory request was completed. (0x12B)
[0213/133909.009:ERROR:process_reader_win.cc(242)] ReadMemory at 0xd8f000 of 3992 bytes failed: Only part of a ReadProcessMemory or WriteProcessMemory request was completed. (0x12B)
[0213/133909.010:ERROR:process_reader_win.cc(242)] ReadMemory at 0xd92000 of 3992 bytes failed: Only part of a ReadProcessMemory or WriteProcessMemory request was completed. (0x12B)
[0213/133909.010:ERROR:process_reader_win.cc(242)] ReadMemory at 0xd95000 of 3992 bytes failed: Only part of a ReadProcessMemory or WriteProcessMemory request was completed. (0x12B)
[0213/133909.010:ERROR:process_reader_win.cc(242)] ReadMemory at 0xd98000 of 3992 bytes failed: Only part of a ReadProcessMemory or WriteProcessMemory request was completed. (0x12B)
[0213/133909.010:ERROR:process_reader_win.cc(242)] ReadMemory at 0x10104b0 of 72 bytes failed: Only part of a ReadProcessMemory or WriteProcessMemory request was completed. (0x12B)
[0213/133909.011:ERROR:process_reader_win.cc(242)] ReadMemory at 0x1010af0 of 4334 bytes failed: Only part of a ReadProcessMemory or WriteProcessMemory request was completed. (0x12B)
[0213/133909.011:ERROR:process_reader_win.cc(242)] ReadMemory at 0x1011be8 of 660 bytes failed: Only part of a ReadProcessMemory or WriteProcessMemory request was completed. (0x12B)
[0213/133909.011:ERROR:process_reader_win.cc(242)] ReadMemory at 0x101209c of 118 bytes failed: Only part of a ReadProcessMemory or WriteProcessMemory request was completed. (0x12B)
[0213/133909.011:ERROR:process_reader_win.cc(242)] ReadMemory at 0x1012114 of 966 bytes failed: Only part of a ReadProcessMemory or WriteProcessMemory request was completed. (0x12B)
[0213/133909.011:ERROR:process_reader_win.cc(242)] ReadMemory at 0x10124dc of 118 bytes failed: Only part of a ReadProcessMemory or WriteProcessMemory request was completed. (0x12B)
[0213/133909.011:ERROR:process_reader_win.cc(242)] ReadMemory at 0x1012554 of 102 bytes failed: Only part of a ReadProcessMemory or WriteProcessMemory request was completed. (0x12B)
[0213/133909.012:ERROR:process_reader_win.cc(242)] ReadMemory at 0x10136b8 of 58 bytes failed: Only part of a ReadProcessMemory or WriteProcessMemory request was completed. (0x12B)
[0213/133909.012:ERROR:process_reader_win.cc(242)] ReadMemory at 0x10137a8 of 72 bytes failed: Only part of a ReadProcessMemory or WriteProcessMemory request was completed. (0x12B)
[0213/133909.012:ERROR:process_reader_win.cc(242)] ReadMemory at 0x1013890 of 72 bytes failed: Only part of a ReadProcessMemory or WriteProcessMemory request was completed. (0x12B)
[0213/133909.012:ERROR:process_reader_win.cc(242)] ReadMemory at 0x1013990 of 124 bytes failed: Only part of a ReadProcessMemory or WriteProcessMemory request was completed. (0x12B)
[0213/133909.012:ERROR:process_reader_win.cc(242)] ReadMemory at 0x1013c68 of 62 bytes failed: Only part of a ReadProcessMemory or WriteProcessMemory request was completed. (0x12B)
[0213/133909.012:ERROR:process_reader_win.cc(242)] ReadMemory at 0x1013cc0 of 72 bytes failed: Only part of a ReadProcessMemory or WriteProcessMemory request was completed. (0x12B)
[0213/133909.013:ERROR:process_reader_win.cc(242)] ReadMemory at 0x1013da8 of 64 bytes failed: Only part of a ReadProcessMemory or WriteProcessMemory request was completed. (0x12B)
[0213/133909.013:ERROR:process_reader_win.cc(242)] ReadMemory at 0x1013eb0 of 72 bytes failed: Only part of a ReadProcessMemory or WriteProcessMemory request was completed. (0x12B)
[0213/133909.013:ERROR:process_reader_win.cc(242)] ReadMemory at 0x1014020 of 72 bytes failed: Only part of a ReadProcessMemory or WriteProcessMemory request was completed. (0x12B)
[0213/133909.013:ERROR:process_reader_win.cc(242)] ReadMemory at 0x1014108 of 68 bytes failed: Only part of a ReadProcessMemory or WriteProcessMemory request was completed. (0x12B)
[0213/133909.013:ERROR:process_reader_win.cc(242)] ReadMemory at 0x1016bc0 of 72 bytes failed: Only part of a ReadProcessMemory or WriteProcessMemory request was completed. (0x12B)
[0213/133909.013:ERROR:process_reader_win.cc(242)] ReadMemory at 0x1016cc8 of 512 bytes failed: Only part of a ReadProcessMemory or WriteProcessMemory request was completed. (0x12B)
[0213/133909.013:ERROR:process_reader_win.cc(242)] ReadMemory at 0x1016f30 of 72 bytes failed: Only part of a ReadProcessMemory or WriteProcessMemory request was completed. (0x12B)
[0213/133909.014:ERROR:process_reader_win.cc(242)] ReadMemory at 0x1017018 of 60 bytes failed: Only part of a ReadProcessMemory or WriteProcessMemory request was completed. (0x12B)
[0213/133909.014:ERROR:process_reader_win.cc(242)] ReadMemory at 0x101b3f8 of 72 bytes failed: Only part of a ReadProcessMemory or WriteProcessMemory request was completed. (0x12B)
[0213/133909.014:ERROR:process_reader_win.cc(242)] ReadMemory at 0x101b4e0 of 64 bytes failed: Only part of a ReadProcessMemory or WriteProcessMemory request was completed. (0x12B)
[0213/133909.014:ERROR:process_reader_win.cc(242)] ReadMemory at 0x101b668 of 72 bytes failed: Only part of a ReadProcessMemory or WriteProcessMemory request was completed. (0x12B)
[0213/133909.014:ERROR:process_reader_win.cc(242)] ReadMemory at 0x101b750 of 64 bytes failed: Only part of a ReadProcessMemory or WriteProcessMemory request was completed. (0x12B)
[0213/133909.014:ERROR:process_reader_win.cc(242)] ReadMemory at 0x101b8e0 of 72 bytes failed: Only part of a ReadProcessMemory or WriteProcessMemory request was completed. (0x12B)
[0213/133909.014:ERROR:process_reader_win.cc(242)] ReadMemory at 0x101b9c8 of 60 bytes failed: Only part of a ReadProcessMemory or WriteProcessMemory request was completed. (0x12B)
[0213/133909.014:ERROR:process_reader_win.cc(242)] ReadMemory at 0x101bb90 of 72 bytes failed: Only part of a ReadProcessMemory or WriteProcessMemory request was completed. (0x12B)
[0213/133909.015:ERROR:process_reader_win.cc(242)] ReadMemory at 0x101bc78 of 60 bytes failed: Only part of a ReadProcessMemory or WriteProcessMemory request was completed. (0x12B)
[0213/133909.015:ERROR:process_reader_win.cc(242)] ReadMemory at 0x101bde8 of 72 bytes failed: Only part of a ReadProcessMemory or WriteProcessMemory request was completed. (0x12B)
[0213/133909.015:ERROR:process_reader_win.cc(242)] ReadMemory at 0x101bed0 of 62 bytes failed: Only part of a ReadProcessMemory or WriteProcessMemory request was completed. (0x12B)
[0213/133909.015:ERROR:process_reader_win.cc(242)] ReadMemory at 0x101c030 of 72 bytes failed: Only part of a ReadProcessMemory or WriteProcessMemory request was completed. (0x12B)
[0213/133909.015:ERROR:process_reader_win.cc(242)] ReadMemory at 0x101c118 of 66 bytes failed: Only part of a ReadProcessMemory or WriteProcessMemory request was completed. (0x12B)
[0213/133909.015:ERROR:process_reader_win.cc(242)] ReadMemory at 0x101c248 of 72 bytes failed: Only part of a ReadProcessMemory or WriteProcessMemory request was completed. (0x12B)
[0213/133909.016:ERROR:process_reader_win.cc(242)] ReadMemory at 0x101cb00 of 80 bytes failed: Only part of a ReadProcessMemory or WriteProcessMemory request was completed. (0x12B)
[0213/133909.016:ERROR:process_reader_win.cc(242)] ReadMemory at 0x101cc30 of 72 bytes failed: Only part of a ReadProcessMemory or WriteProcessMemory request was completed. (0x12B)
[0213/133909.016:ERROR:process_reader_win.cc(242)] ReadMemory at 0x101cce0 of 62 bytes failed: Only part of a ReadProcessMemory or WriteProcessMemory request was completed. (0x12B)
[0213/133909.016:ERROR:process_reader_win.cc(242)] ReadMemory at 0x101d088 of 72 bytes failed: Only part of a ReadProcessMemory or WriteProcessMemory request was completed. (0x12B)
[0213/133909.016:ERROR:process_reader_win.cc(242)] ReadMemory at 0x101d138 of 72 bytes failed: Only part of a ReadProcessMemory or WriteProcessMemory request was completed. (0x12B)
[0213/133909.016:ERROR:process_reader_win.cc(242)] ReadMemory at 0x101d1e8 of 72 bytes failed: Only part of a ReadProcessMemory or WriteProcessMemory request was completed. (0x12B)
[0213/133909.016:ERROR:process_reader_win.cc(242)] ReadMemory at 0x101d298 of 72 bytes failed: Only part of a ReadProcessMemory or WriteProcessMemory request was completed. (0x12B)
[0213/133909.016:ERROR:process_reader_win.cc(242)] ReadMemory at 0x101d348 of 72 bytes failed: Only part of a ReadProcessMemory or WriteProcessMemory request was completed. (0x12B)
[0213/133909.017:ERROR:process_reader_win.cc(242)] ReadMemory at 0x101d3f8 of 72 bytes failed: Only part of a ReadProcessMemory or WriteProcessMemory request was completed. (0x12B)
[0213/133909.017:ERROR:process_reader_win.cc(242)] ReadMemory at 0x101d4a8 of 72 bytes failed: Only part of a ReadProcessMemory or WriteProcessMemory request was completed. (0x12B)
[0213/133909.017:ERROR:process_reader_win.cc(242)] ReadMemory at 0x101d558 of 72 bytes failed: Only part of a ReadProcessMemory or WriteProcessMemory request was completed. (0x12B)
[0213/133909.018:ERROR:process_reader_win.cc(242)] ReadMemory at 0x101d6b8 of 72 bytes failed: Only part of a ReadProcessMemory or WriteProcessMemory request was completed. (0x12B)
[0213/133909.018:ERROR:process_reader_win.cc(242)] ReadMemory at 0x101d768 of 72 bytes failed: Only part of a ReadProcessMemory or WriteProcessMemory request was completed. (0x12B)
[0213/133909.018:ERROR:process_reader_win.cc(242)] ReadMemory at 0x101d818 of 72 bytes failed: Only part of a ReadProcessMemory or WriteProcessMemory request was completed. (0x12B)
[0213/133909.018:ERROR:process_reader_win.cc(242)] ReadMemory at 0x101d8c8 of 72 bytes failed: Only part of a ReadProcessMemory or WriteProcessMemory request was completed. (0x12B)
[0213/133909.018:ERROR:process_reader_win.cc(242)] ReadMemory at 0x101d978 of 72 bytes failed: Only part of a ReadProcessMemory or WriteProcessMemory request was completed. (0x12B)
[0213/133909.018:ERROR:process_reader_win.cc(242)] ReadMemory at 0x101da28 of 72 bytes failed: Only part of a ReadProcessMemory or WriteProcessMemory request was completed. (0x12B)
[0213/133909.018:ERROR:process_reader_win.cc(242)] ReadMemory at 0x101dad8 of 72 bytes failed: Only part of a ReadProcessMemory or WriteProcessMemory request was completed. (0x12B)
[0213/133909.019:ERROR:process_reader_win.cc(242)] ReadMemory at 0x101db88 of 72 bytes failed: Only part of a ReadProcessMemory or WriteProcessMemory request was completed. (0x12B)
[0213/133909.019:ERROR:process_reader_win.cc(242)] ReadMemory at 0x101dc38 of 72 bytes failed: Only part of a ReadProcessMemory or WriteProcessMemory request was completed. (0x12B)
[0213/133909.019:ERROR:process_reader_win.cc(242)] ReadMemory at 0x101dce8 of 72 bytes failed: Only part of a ReadProcessMemory or WriteProcessMemory request was completed. (0x12B)
[0213/133909.019:ERROR:process_reader_win.cc(242)] ReadMemory at 0x101dd98 of 72 bytes failed: Only part of a ReadProcessMemory or WriteProcessMemory request was completed. (0x12B)
[0213/133909.019:ERROR:process_reader_win.cc(242)] ReadMemory at 0x101de48 of 72 bytes failed: Only part of a ReadProcessMemory or WriteProcessMemory request was completed. (0x12B)
[0213/133909.019:ERROR:process_reader_win.cc(242)] ReadMemory at 0x101def8 of 72 bytes failed: Only part of a ReadProcessMemory or WriteProcessMemory request was completed. (0x12B)
[0213/133909.020:ERROR:process_reader_win.cc(242)] ReadMemory at 0x101dfa8 of 72 bytes failed: Only part of a ReadProcessMemory or WriteProcessMemory request was completed. (0x12B)
[0213/133909.020:ERROR:process_reader_win.cc(242)] ReadMemory at 0x101e068 of 62 bytes failed: Only part of a ReadProcessMemory or WriteProcessMemory request was completed. (0x12B)
[0213/133909.020:ERROR:process_reader_win.cc(242)] ReadMemory at 0x101e250 of 78 bytes failed: Only part of a ReadProcessMemory or WriteProcessMemory request was completed. (0x12B)
[0213/133909.020:ERROR:process_reader_win.cc(242)] ReadMemory at 0x101e2a8 of 242 bytes failed: Only part of a ReadProcessMemory or WriteProcessMemory request was completed. (0x12B)
[0213/133909.020:ERROR:process_reader_win.cc(242)] ReadMemory at 0x101e478 of 512 bytes failed: Only part of a ReadProcessMemory or WriteProcessMemory request was completed. (0x12B)
[0213/133909.020:ERROR:process_reader_win.cc(242)] ReadMemory at 0x101e790 of 62 bytes failed: Only part of a ReadProcessMemory or WriteProcessMemory request was completed. (0x12B)
[0213/133909.021:ERROR:process_reader_win.cc(242)] ReadMemory at 0x101e908 of 64 bytes failed: Only part of a ReadProcessMemory or WriteProcessMemory request was completed. (0x12B)
[0213/133909.021:ERROR:process_reader_win.cc(242)] ReadMemory at 0x101ee90 of 62 bytes failed: Only part of a ReadProcessMemory or WriteProcessMemory request was completed. (0x12B)
[0213/133909.021:ERROR:process_reader_win.cc(242)] ReadMemory at 0x101f020 of 58 bytes failed: Only part of a ReadProcessMemory or WriteProcessMemory request was completed. (0x12B)
[0213/133909.021:ERROR:process_reader_win.cc(242)] ReadMemory at 0x101f068 of 156 bytes failed: Only part of a ReadProcessMemory or WriteProcessMemory request was completed. (0x12B)
[0213/133909.021:ERROR:process_reader_win.cc(242)] ReadMemory at 0x101f120 of 66 bytes failed: Only part of a ReadProcessMemory or WriteProcessMemory request was completed. (0x12B)
[0213/133909.021:ERROR:process_reader_win.cc(242)] ReadMemory at 0x101f200 of 60 bytes failed: Only part of a ReadProcessMemory or WriteProcessMemory request was completed. (0x12B)
[0213/133909.021:ERROR:process_reader_win.cc(242)] ReadMemory at 0x101f378 of 60 bytes failed: Only part of a ReadProcessMemory or WriteProcessMemory request was completed. (0x12B)
[0213/133909.022:ERROR:process_reader_win.cc(242)] ReadMemory at 0x101f488 of 76 bytes failed: Only part of a ReadProcessMemory or WriteProcessMemory request was completed. (0x12B)
[0213/133909.022:ERROR:process_reader_win.cc(242)] ReadMemory at 0x101f5e8 of 62 bytes failed: Only part of a ReadProcessMemory or WriteProcessMemory request was completed. (0x12B)
[0213/133909.022:ERROR:process_reader_win.cc(242)] ReadMemory at 0x1020070 of 58 bytes failed: Only part of a ReadProcessMemory or WriteProcessMemory request was completed. (0x12B)
[0213/133909.022:ERROR:process_reader_win.cc(242)] ReadMemory at 0x10200e0 of 152 bytes failed: Only part of a ReadProcessMemory or WriteProcessMemory request was completed. (0x12B)
[0213/133909.022:ERROR:process_reader_win.cc(242)] ReadMemory at 0x1020ab0 of 62 bytes failed: Only part of a ReadProcessMemory or WriteProcessMemory request was completed. (0x12B)
[0213/133909.022:ERROR:process_reader_win.cc(242)] ReadMemory at 0x1020bd0 of 58 bytes failed: Only part of a ReadProcessMemory or WriteProcessMemory request was completed. (0x12B)
[0213/133909.023:ERROR:process_reader_win.cc(242)] ReadMemory at 0x1020c60 of 58 bytes failed: Only part of a ReadProcessMemory or WriteProcessMemory request was completed. (0x12B)
[0213/133909.023:ERROR:process_reader_win.cc(242)] ReadMemory at 0x1020d80 of 60 bytes failed: Only part of a ReadProcessMemory or WriteProcessMemory request was completed. (0x12B)
[0213/133909.023:ERROR:process_reader_win.cc(242)] ReadMemory at 0x1020e10 of 58 bytes failed: Only part of a ReadProcessMemory or WriteProcessMemory request was completed. (0x12B)
[0213/133909.023:ERROR:process_reader_win.cc(242)] ReadMemory at 0x1020e58 of 60 bytes failed: Only part of a ReadProcessMemory or WriteProcessMemory request was completed. (0x12B)
[0213/133909.023:ERROR:process_reader_win.cc(242)] ReadMemory at 0x1020ee8 of 62 bytes failed: Only part of a ReadProcessMemory or WriteProcessMemory request was completed. (0x12B)
[0213/133909.023:ERROR:process_reader_win.cc(242)] ReadMemory at 0x1021488 of 66 bytes failed: Only part of a ReadProcessMemory or WriteProcessMemory request was completed. (0x12B)
[0213/133909.024:ERROR:process_reader_win.cc(242)] ReadMemory at 0x1029b08 of 64 bytes failed: Only part of a ReadProcessMemory or WriteProcessMemory request was completed. (0x12B)
[0213/133909.024:ERROR:process_reader_win.cc(242)] ReadMemory at 0x1029ce8 of 64 bytes failed: Only part of a ReadProcessMemory or WriteProcessMemory request was completed. (0x12B)
[0213/133909.024:ERROR:process_reader_win.cc(242)] ReadMemory at 0x1029d88 of 64 bytes failed: Only part of a ReadProcessMemory or WriteProcessMemory request was completed. (0x12B)
[0213/133909.024:ERROR:process_reader_win.cc(242)] ReadMemory at 0x1029e78 of 64 bytes failed: Only part of a ReadProcessMemory or WriteProcessMemory request was completed. (0x12B)
[0213/133909.024:ERROR:process_reader_win.cc(242)] ReadMemory at 0x1029fb8 of 64 bytes failed: Only part of a ReadProcessMemory or WriteProcessMemory request was completed. (0x12B)
[0213/133909.024:ERROR:process_reader_win.cc(242)] ReadMemory at 0x102a008 of 64 bytes failed: Only part of a ReadProcessMemory or WriteProcessMemory request was completed. (0x12B)
[0213/133909.024:ERROR:process_reader_win.cc(242)] ReadMemory at 0x102a148 of 64 bytes failed: Only part of a ReadProcessMemory or WriteProcessMemory request was completed. (0x12B)
[0213/133909.024:ERROR:process_reader_win.cc(242)] ReadMemory at 0x102c838 of 54 bytes failed: Only part of a ReadProcessMemory or WriteProcessMemory request was completed. (0x12B)
[0213/133909.025:ERROR:process_reader_win.cc(242)] ReadMemory at 0x1030208 of 72 bytes failed: Only part of a ReadProcessMemory or WriteProcessMemory request was completed. (0x12B)
[0213/133909.025:ERROR:process_reader_win.cc(242)] ReadMemory at 0x10302b8 of 72 bytes failed: Only part of a ReadProcessMemory or WriteProcessMemory request was completed. (0x12B)
[0213/133909.025:ERROR:process_reader_win.cc(242)] ReadMemory at 0x1030368 of 72 bytes failed: Only part of a ReadProcessMemory or WriteProcessMemory request was completed. (0x12B)
[0213/133909.025:ERROR:process_reader_win.cc(242)] ReadMemory at 0x1030418 of 72 bytes failed: Only part of a ReadProcessMemory or WriteProcessMemory request was completed. (0x12B)
[0213/133909.025:ERROR:process_reader_win.cc(242)] ReadMemory at 0x1030a48 of 72 bytes failed: Only part of a ReadProcessMemory or WriteProcessMemory request was completed. (0x12B)
[0213/133909.025:ERROR:process_reader_win.cc(242)] ReadMemory at 0x1030ba8 of 72 bytes failed: Only part of a ReadProcessMemory or WriteProcessMemory request was completed. (0x12B)
[0213/133909.026:ERROR:process_reader_win.cc(242)] ReadMemory at 0x1030e68 of 72 bytes failed: Only part of a ReadProcessMemory or WriteProcessMemory request was completed. (0x12B)
[0213/133909.026:ERROR:process_reader_win.cc(242)] ReadMemory at 0x1030fc8 of 72 bytes failed: Only part of a ReadProcessMemory or WriteProcessMemory request was completed. (0x12B)
[0213/133909.026:ERROR:process_reader_win.cc(242)] ReadMemory at 0x1031078 of 72 bytes failed: Only part of a ReadProcessMemory or WriteProcessMemory request was completed. (0x12B)
[0213/133909.026:ERROR:process_reader_win.cc(242)] ReadMemory at 0x1031128 of 72 bytes failed: Only part of a ReadProcessMemory or WriteProcessMemory request was completed. (0x12B)
[0213/133909.026:ERROR:process_reader_win.cc(242)] ReadMemory at 0x10311d8 of 72 bytes failed: Only part of a ReadProcessMemory or WriteProcessMemory request was completed. (0x12B)
[0213/133909.026:ERROR:process_reader_win.cc(242)] ReadMemory at 0x1031288 of 72 bytes failed: Only part of a ReadProcessMemory or WriteProcessMemory request was completed. (0x12B)
[0213/133909.027:ERROR:process_reader_win.cc(242)] ReadMemory at 0x1031338 of 72 bytes failed: Only part of a ReadProcessMemory or WriteProcessMemory request was completed. (0x12B)
[0213/133909.027:ERROR:process_reader_win.cc(242)] ReadMemory at 0x10313e8 of 72 bytes failed: Only part of a ReadProcessMemory or WriteProcessMemory request was completed. (0x12B)
[0213/133909.027:ERROR:process_reader_win.cc(242)] ReadMemory at 0x1031498 of 72 bytes failed: Only part of a ReadProcessMemory or WriteProcessMemory request was completed. (0x12B)
[0213/133909.027:ERROR:process_reader_win.cc(242)] ReadMemory at 0x1031548 of 72 bytes failed: Only part of a ReadProcessMemory or WriteProcessMemory request was completed. (0x12B)
[0213/133909.027:ERROR:process_reader_win.cc(242)] ReadMemory at 0x10315f8 of 72 bytes failed: Only part of a ReadProcessMemory or WriteProcessMemory request was completed. (0x12B)
[0213/133909.027:ERROR:process_reader_win.cc(242)] ReadMemory at 0x10316a8 of 72 bytes failed: Only part of a ReadProcessMemory or WriteProcessMemory request was completed. (0x12B)
[0213/133909.027:ERROR:process_reader_win.cc(242)] ReadMemory at 0x1031758 of 72 bytes failed: Only part of a ReadProcessMemory or WriteProcessMemory request was completed. (0x12B)
[0213/133909.028:ERROR:process_reader_win.cc(242)] ReadMemory at 0x1031808 of 72 bytes failed: Only part of a ReadProcessMemory or WriteProcessMemory request was completed. (0x12B)
[0213/133909.028:ERROR:process_reader_win.cc(242)] ReadMemory at 0x10318b8 of 72 bytes failed: Only part of a ReadProcessMemory or WriteProcessMemory request was completed. (0x12B)
[0213/133909.028:ERROR:process_reader_win.cc(242)] ReadMemory at 0x10319d0 of 56 bytes failed: Only part of a ReadProcessMemory or WriteProcessMemory request was completed. (0x12B)
[0213/133909.028:ERROR:process_reader_win.cc(242)] ReadMemory at 0x1031c10 of 62 bytes failed: Only part of a ReadProcessMemory or WriteProcessMemory request was completed. (0x12B)
[0213/133909.028:ERROR:process_reader_win.cc(242)] ReadMemory at 0x1031ca0 of 60 bytes failed: Only part of a ReadProcessMemory or WriteProcessMemory request was completed. (0x12B)
[0213/133909.028:ERROR:process_reader_win.cc(242)] ReadMemory at 0x1031d78 of 60 bytes failed: Only part of a ReadProcessMemory or WriteProcessMemory request was completed. (0x12B)
[0213/133909.028:ERROR:process_reader_win.cc(242)] ReadMemory at 0x1031e98 of 60 bytes failed: Only part of a ReadProcessMemory or WriteProcessMemory request was completed. (0x12B)
[0213/133909.029:ERROR:process_reader_win.cc(242)] ReadMemory at 0x1031ee0 of 62 bytes failed: Only part of a ReadProcessMemory or WriteProcessMemory request was completed. (0x12B)
[0213/133909.029:ERROR:process_reader_win.cc(242)] ReadMemory at 0x1031f70 of 62 bytes failed: Only part of a ReadProcessMemory or WriteProcessMemory request was completed. (0x12B)
[0213/133909.029:ERROR:process_reader_win.cc(242)] ReadMemory at 0x1032000 of 60 bytes failed: Only part of a ReadProcessMemory or WriteProcessMemory request was completed. (0x12B)
[0213/133909.029:ERROR:process_reader_win.cc(242)] ReadMemory at 0x10320d8 of 62 bytes failed: Only part of a ReadProcessMemory or WriteProcessMemory request was completed. (0x12B)
[0213/133909.029:ERROR:process_reader_win.cc(242)] ReadMemory at 0x1032168 of 58 bytes failed: Only part of a ReadProcessMemory or WriteProcessMemory request was completed. (0x12B)
[0213/133909.029:ERROR:process_reader_win.cc(242)] ReadMemory at 0x1032288 of 62 bytes failed: Only part of a ReadProcessMemory or WriteProcessMemory request was completed. (0x12B)
[0213/133909.030:ERROR:process_reader_win.cc(242)] ReadMemory at 0x3ce831f8 of 512 bytes failed: Only part of a ReadProcessMemory or WriteProcessMemory request was completed. (0x12B)
[0213/133909.030:ERROR:process_reader_win.cc(242)] ReadMemory at 0x567813a0 of 512 bytes failed: Only part of a ReadProcessMemory or WriteProcessMemory request was completed. (0x12B)
[0213/133909.030:ERROR:process_reader_win.cc(242)] ReadMemory at 0x57cd8d65 of 512 bytes failed: Only part of a ReadProcessMemory or WriteProcessMemory request was completed. (0x12B)
[0213/133909.030:ERROR:process_reader_win.cc(242)] ReadMemory at 0x5e31d473 of 512 bytes failed: Only part of a ReadProcessMemory or WriteProcessMemory request was completed. (0x12B)
[0213/133909.030:ERROR:process_reader_win.cc(242)] ReadMemory at 0x5e31e162 of 512 bytes failed: Only part of a ReadProcessMemory or WriteProcessMemory request was completed. (0x12B)
[0213/133909.030:ERROR:process_reader_win.cc(242)] ReadMemory at 0x77ca7740 of 18 bytes failed: Only part of a ReadProcessMemory or WriteProcessMemory request was completed. (0x12B)
[0213/133909.030:ERROR:process_reader_win.cc(242)] ReadMemory at 0x77cee1b0 of 512 bytes failed: Only part of a ReadProcessMemory or WriteProcessMemory request was completed. (0x12B)
[0213/133909.031:ERROR:process_reader_win.cc(242)] ReadMemory at 0x77d1044c of 592 bytes failed: Only part of a ReadProcessMemory or WriteProcessMemory request was completed. (0x12B)
[0213/133909.031:ERROR:process_reader_win.cc(242)] ReadMemory at 0x77d120bc of 560 bytes failed: Only part of a ReadProcessMemory or WriteProcessMemory request was completed. (0x12B)
[0213/133909.031:ERROR:process_reader_win.cc(242)] ReadMemory at 0x77dbe368 of 24 bytes failed: Only part of a ReadProcessMemory or WriteProcessMemory request was completed. (0x12B)
[0213/133909.031:ERROR:process_reader_win.cc(242)] ReadMemory at 0x77dbe704 of 32 bytes failed: Only part of a ReadProcessMemory or WriteProcessMemory request was completed. (0x12B)
[0213/133909.031:ERROR:process_reader_win.cc(242)] ReadMemory at 0x77dc0c40 of 36 bytes failed: Only part of a ReadProcessMemory or WriteProcessMemory request was completed. (0x12B)
[0213/133909.035:ERROR:scoped_process_suspend.cc(40)] NtResumeProcess: An attempt was made to access an exiting process. (0xc000010a)
